# JRE version: OpenJDK Runtime Environment Temurin-21.0.7+6 (21.0.7+6) (build 21.0.7+6-LTS)
# Java VM: OpenJDK 64-Bit Server VM Temurin-21.0.7+6 (21.0.7+6-LTS, mixed mode, sharing, tiered, compressed oops, compressed class ptrs, parallel gc, windows-amd64)
GC Precious Log:
 CardTable entry size: 512
 CPUs: 16 total, 16 available
 Memory: 7816M
 Large Page Support: Disabled
 NUMA Support: Disabled
 Compressed Oops: Enabled (32-bit)
 Alignments: Space 512K, Generation 512K, Heap 2M
 Heap Min Capacity: 100M
 Heap Initial Capacity: 100M
 Heap Max Capacity: 2G
 Pre-touch: Disabled
 Parallel Workers: 13
Heap:
 PSYoungGen      total 8192K, used 447K [0x00000000d5580000, 0x00000000d5e80000, 0x0000000100000000)
  eden space 7680K, 2% used [0x00000000d5580000,0x00000000d55a7f60,0x00000000d5d00000)
  from space 512K, 56% used [0x00000000d5e00000,0x00000000d5e48000,0x00000000d5e80000)
  to   space 512K, 0% used [0x00000000d5d80000,0x00000000d5d80000,0x00000000d5e00000)
 ParOldGen       total 707072K, used 246505K [0x0000000080000000, 0x00000000ab280000, 0x00000000d5580000)
  object space 707072K, 34% used [0x0000000080000000,0x000000008f0ba7d0,0x00000000ab280000)
 Metaspace       used 81360K, committed 83136K, reserved 1179648K
  class space    used 8351K, committed 9152K, reserved 1048576K
GC Heap History (20 events):
Event: 375.305 GC heap before
{Heap before GC invocations=748 (full 4):
 PSYoungGen      total 6144K, used 6144K [0x00000000d5580000, 0x00000000d6280000, 0x0000000100000000)
  eden space 5632K, 100% used [0x00000000d5580000,0x00000000d5b00000,0x00000000d5b00000)
  from space 512K, 100% used [0x00000000d5b00000,0x00000000d5b80000,0x00000000d5b80000)
  to   space 3584K, 0% used [0x00000000d5f00000,0x00000000d5f00000,0x00000000d6280000)
 ParOldGen       total 707072K, used 241076K [0x0000000080000000, 0x00000000ab280000, 0x00000000d5580000)
  object space 707072K, 34% used [0x0000000080000000,0x000000008eb6d3d8,0x00000000ab280000)
 Metaspace       used 80350K, committed 82304K, reserved 1179648K
  class space    used 8303K, committed 9152K, reserved 1048576K
}
Event: 375.307 GC heap after
{Heap after GC invocations=748 (full 4):
 PSYoungGen      total 8704K, used 958K [0x00000000d5580000, 0x00000000d6080000, 0x0000000100000000)
  eden space 7168K, 0% used [0x00000000d5580000,0x00000000d5580000,0x00000000d5c80000)
  from space 1536K, 62% used [0x00000000d5f00000,0x00000000d5fef928,0x00000000d6080000)
  to   space 2048K, 0% used [0x00000000d5c80000,0x00000000d5c80000,0x00000000d5e80000)
 ParOldGen       total 707072K, used 241511K [0x0000000080000000, 0x00000000ab280000, 0x00000000d5580000)
  object space 707072K, 34% used [0x0000000080000000,0x000000008ebd9cd8,0x00000000ab280000)
 Metaspace       used 80350K, committed 82304K, reserved 1179648K
  class space    used 8303K, committed 9152K, reserved 1048576K
}
Event: 375.341 GC heap before
{Heap before GC invocations=749 (full 4):
 PSYoungGen      total 8704K, used 8126K [0x00000000d5580000, 0x00000000d6080000, 0x0000000100000000)
  eden space 7168K, 100% used [0x00000000d5580000,0x00000000d5c80000,0x00000000d5c80000)
  from space 1536K, 62% used [0x00000000d5f00000,0x00000000d5fef928,0x00000000d6080000)
  to   space 2048K, 0% used [0x00000000d5c80000,0x00000000d5c80000,0x00000000d5e80000)
 ParOldGen       total 707072K, used 241511K [0x0000000080000000, 0x00000000ab280000, 0x00000000d5580000)
  object space 707072K, 34% used [0x0000000080000000,0x000000008ebd9cd8,0x00000000ab280000)
 Metaspace       used 80380K, committed 82304K, reserved 1179648K
  class space    used 8303K, committed 9152K, reserved 1048576K
}
Event: 375.347 GC heap after
{Heap after GC invocations=749 (full 4):
 PSYoungGen      total 9216K, used 1320K [0x00000000d5580000, 0x00000000d6100000, 0x0000000100000000)
  eden space 7168K, 0% used [0x00000000d5580000,0x00000000d5580000,0x00000000d5c80000)
  from space 2048K, 64% used [0x00000000d5c80000,0x00000000d5dca228,0x00000000d5e80000)
  to   space 1536K, 0% used [0x00000000d5f80000,0x00000000d5f80000,0x00000000d6100000)
 ParOldGen       total 707072K, used 242269K [0x0000000080000000, 0x00000000ab280000, 0x00000000d5580000)
  object space 707072K, 34% used [0x0000000080000000,0x000000008ec97640,0x00000000ab280000)
 Metaspace       used 80380K, committed 82304K, reserved 1179648K
  class space    used 8303K, committed 9152K, reserved 1048576K
}
Event: 375.530 GC heap before
{Heap before GC invocations=750 (full 4):
 PSYoungGen      total 9216K, used 8488K [0x00000000d5580000, 0x00000000d6100000, 0x0000000100000000)
  eden space 7168K, 100% used [0x00000000d5580000,0x00000000d5c80000,0x00000000d5c80000)
  from space 2048K, 64% used [0x00000000d5c80000,0x00000000d5dca228,0x00000000d5e80000)
  to   space 1536K, 0% used [0x00000000d5f80000,0x00000000d5f80000,0x00000000d6100000)
 ParOldGen       total 707072K, used 242269K [0x0000000080000000, 0x00000000ab280000, 0x00000000d5580000)
  object space 707072K, 34% used [0x0000000080000000,0x000000008ec97640,0x00000000ab280000)
 Metaspace       used 80477K, committed 82304K, reserved 1179648K
  class space    used 8303K, committed 9152K, reserved 1048576K
}
Event: 375.533 GC heap after
{Heap after GC invocations=750 (full 4):
 PSYoungGen      total 9728K, used 640K [0x00000000d5580000, 0x00000000d6080000, 0x0000000100000000)
  eden space 8704K, 0% used [0x00000000d5580000,0x00000000d5580000,0x00000000d5e00000)
  from space 1024K, 62% used [0x00000000d5f80000,0x00000000d6020000,0x00000000d6080000)
  to   space 1024K, 0% used [0x00000000d5e80000,0x00000000d5e80000,0x00000000d5f80000)
 ParOldGen       total 707072K, used 243214K [0x0000000080000000, 0x00000000ab280000, 0x00000000d5580000)
  object space 707072K, 34% used [0x0000000080000000,0x000000008ed83858,0x00000000ab280000)
 Metaspace       used 80477K, committed 82304K, reserved 1179648K
  class space    used 8303K, committed 9152K, reserved 1048576K
}
Event: 382.116 GC heap before
{Heap before GC invocations=751 (full 4):
 PSYoungGen      total 9728K, used 9344K [0x00000000d5580000, 0x00000000d6080000, 0x0000000100000000)
  eden space 8704K, 100% used [0x00000000d5580000,0x00000000d5e00000,0x00000000d5e00000)
  from space 1024K, 62% used [0x00000000d5f80000,0x00000000d6020000,0x00000000d6080000)
  to   space 1024K, 0% used [0x00000000d5e80000,0x00000000d5e80000,0x00000000d5f80000)
 ParOldGen       total 707072K, used 243214K [0x0000000080000000, 0x00000000ab280000, 0x00000000d5580000)
  object space 707072K, 34% used [0x0000000080000000,0x000000008ed83858,0x00000000ab280000)
 Metaspace       used 80541K, committed 82304K, reserved 1179648K
  class space    used 8303K, committed 9152K, reserved 1048576K
}
Event: 382.118 GC heap after
{Heap after GC invocations=751 (full 4):
 PSYoungGen      total 9728K, used 320K [0x00000000d5580000, 0x00000000d6000000, 0x0000000100000000)
  eden space 8704K, 0% used [0x00000000d5580000,0x00000000d5580000,0x00000000d5e00000)
  from space 1024K, 31% used [0x00000000d5e80000,0x00000000d5ed0000,0x00000000d5f80000)
  to   space 512K, 0% used [0x00000000d5f80000,0x00000000d5f80000,0x00000000d6000000)
 ParOldGen       total 707072K, used 243430K [0x0000000080000000, 0x00000000ab280000, 0x00000000d5580000)
  object space 707072K, 34% used [0x0000000080000000,0x000000008edb9ae8,0x00000000ab280000)
 Metaspace       used 80541K, committed 82304K, reserved 1179648K
  class space    used 8303K, committed 9152K, reserved 1048576K
}
Event: 382.610 GC heap before
{Heap before GC invocations=752 (full 4):
 PSYoungGen      total 9728K, used 9024K [0x00000000d5580000, 0x00000000d6000000, 0x0000000100000000)
  eden space 8704K, 100% used [0x00000000d5580000,0x00000000d5e00000,0x00000000d5e00000)
  from space 1024K, 31% used [0x00000000d5e80000,0x00000000d5ed0000,0x00000000d5f80000)
  to   space 512K, 0% used [0x00000000d5f80000,0x00000000d5f80000,0x00000000d6000000)
 ParOldGen       total 707072K, used 243430K [0x0000000080000000, 0x00000000ab280000, 0x00000000d5580000)
  object space 707072K, 34% used [0x0000000080000000,0x000000008edb9ae8,0x00000000ab280000)
 Metaspace       used 80603K, committed 82368K, reserved 1179648K
  class space    used 8304K, committed 9152K, reserved 1048576K
}
Event: 382.629 GC heap after
{Heap after GC invocations=752 (full 4):
 PSYoungGen      total 9216K, used 512K [0x00000000d5580000, 0x00000000d6100000, 0x0000000100000000)
  eden space 8704K, 0% used [0x00000000d5580000,0x00000000d5580000,0x00000000d5e00000)
  from space 512K, 100% used [0x00000000d5f80000,0x00000000d6000000,0x00000000d6000000)
  to   space 1536K, 0% used [0x00000000d5e00000,0x00000000d5e00000,0x00000000d5f80000)
 ParOldGen       total 707072K, used 244186K [0x0000000080000000, 0x00000000ab280000, 0x00000000d5580000)
  object space 707072K, 34% used [0x0000000080000000,0x000000008ee76af8,0x00000000ab280000)
 Metaspace       used 80603K, committed 82368K, reserved 1179648K
  class space    used 8304K, committed 9152K, reserved 1048576K
}
Event: 382.736 GC heap before
{Heap before GC invocations=753 (full 4):
 PSYoungGen      total 9216K, used 9213K [0x00000000d5580000, 0x00000000d6100000, 0x0000000100000000)
  eden space 8704K, 99% used [0x00000000d5580000,0x00000000d5dff5a0,0x00000000d5e00000)
  from space 512K, 100% used [0x00000000d5f80000,0x00000000d6000000,0x00000000d6000000)
  to   space 1536K, 0% used [0x00000000d5e00000,0x00000000d5e00000,0x00000000d5f80000)
 ParOldGen       total 707072K, used 244186K [0x0000000080000000, 0x00000000ab280000, 0x00000000d5580000)
  object space 707072K, 34% used [0x0000000080000000,0x000000008ee76af8,0x00000000ab280000)
 Metaspace       used 80719K, committed 82432K, reserved 1179648K
  class space    used 8307K, committed 9152K, reserved 1048576K
}
Event: 382.738 GC heap after
{Heap after GC invocations=753 (full 4):
 PSYoungGen      total 9728K, used 832K [0x00000000d5580000, 0x00000000d6000000, 0x0000000100000000)
  eden space 8704K, 0% used [0x00000000d5580000,0x00000000d5580000,0x00000000d5e00000)
  from space 1024K, 81% used [0x00000000d5e00000,0x00000000d5ed0000,0x00000000d5f00000)
  to   space 1024K, 0% used [0x00000000d5f00000,0x00000000d5f00000,0x00000000d6000000)
 ParOldGen       total 707072K, used 244642K [0x0000000080000000, 0x00000000ab280000, 0x00000000d5580000)
  object space 707072K, 34% used [0x0000000080000000,0x000000008eee8af8,0x00000000ab280000)
 Metaspace       used 80719K, committed 82432K, reserved 1179648K
  class space    used 8307K, committed 9152K, reserved 1048576K
}
Event: 382.797 GC heap before
{Heap before GC invocations=754 (full 4):
 PSYoungGen      total 9728K, used 9536K [0x00000000d5580000, 0x00000000d6000000, 0x0000000100000000)
  eden space 8704K, 100% used [0x00000000d5580000,0x00000000d5e00000,0x00000000d5e00000)
  from space 1024K, 81% used [0x00000000d5e00000,0x00000000d5ed0000,0x00000000d5f00000)
  to   space 1024K, 0% used [0x00000000d5f00000,0x00000000d5f00000,0x00000000d6000000)
 ParOldGen       total 707072K, used 244642K [0x0000000080000000, 0x00000000ab280000, 0x00000000d5580000)
  object space 707072K, 34% used [0x0000000080000000,0x000000008eee8af8,0x00000000ab280000)
 Metaspace       used 80951K, committed 82752K, reserved 1179648K
  class space    used 8330K, committed 9152K, reserved 1048576K
}
Event: 382.800 GC heap after
{Heap after GC invocations=754 (full 4):
 PSYoungGen      total 8704K, used 1005K [0x00000000d5580000, 0x00000000d6200000, 0x0000000100000000)
  eden space 7680K, 0% used [0x00000000d5580000,0x00000000d5580000,0x00000000d5d00000)
  from space 1024K, 98% used [0x00000000d5f00000,0x00000000d5ffb408,0x00000000d6000000)
  to   space 2048K, 0% used [0x00000000d5d00000,0x00000000d5d00000,0x00000000d5f00000)
 ParOldGen       total 707072K, used 245298K [0x0000000080000000, 0x00000000ab280000, 0x00000000d5580000)
  object space 707072K, 34% used [0x0000000080000000,0x000000008ef8caf8,0x00000000ab280000)
 Metaspace       used 80951K, committed 82752K, reserved 1179648K
  class space    used 8330K, committed 9152K, reserved 1048576K
}
Event: 382.920 GC heap before
{Heap before GC invocations=755 (full 4):
 PSYoungGen      total 8704K, used 8685K [0x00000000d5580000, 0x00000000d6200000, 0x0000000100000000)
  eden space 7680K, 99% used [0x00000000d5580000,0x00000000d5cffff8,0x00000000d5d00000)
  from space 1024K, 98% used [0x00000000d5f00000,0x00000000d5ffb408,0x00000000d6000000)
  to   space 2048K, 0% used [0x00000000d5d00000,0x00000000d5d00000,0x00000000d5f00000)
 ParOldGen       total 707072K, used 245298K [0x0000000080000000, 0x00000000ab280000, 0x00000000d5580000)
  object space 707072K, 34% used [0x0000000080000000,0x000000008ef8caf8,0x00000000ab280000)
 Metaspace       used 80995K, committed 82752K, reserved 1179648K
  class space    used 8330K, committed 9152K, reserved 1048576K
}
Event: 382.923 GC heap after
{Heap after GC invocations=755 (full 4):
 PSYoungGen      total 8704K, used 800K [0x00000000d5580000, 0x00000000d6000000, 0x0000000100000000)
  eden space 7680K, 0% used [0x00000000d5580000,0x00000000d5580000,0x00000000d5d00000)
  from space 1024K, 78% used [0x00000000d5d00000,0x00000000d5dc8000,0x00000000d5e00000)
  to   space 1536K, 0% used [0x00000000d5e80000,0x00000000d5e80000,0x00000000d6000000)
 ParOldGen       total 707072K, used 245764K [0x0000000080000000, 0x00000000ab280000, 0x00000000d5580000)
  object space 707072K, 34% used [0x0000000080000000,0x000000008f001388,0x00000000ab280000)
 Metaspace       used 80995K, committed 82752K, reserved 1179648K
  class space    used 8330K, committed 9152K, reserved 1048576K
}
Event: 383.009 GC heap before
{Heap before GC invocations=756 (full 4):
 PSYoungGen      total 8704K, used 8480K [0x00000000d5580000, 0x00000000d6000000, 0x0000000100000000)
  eden space 7680K, 100% used [0x00000000d5580000,0x00000000d5d00000,0x00000000d5d00000)
  from space 1024K, 78% used [0x00000000d5d00000,0x00000000d5dc8000,0x00000000d5e00000)
  to   space 1536K, 0% used [0x00000000d5e80000,0x00000000d5e80000,0x00000000d6000000)
 ParOldGen       total 707072K, used 245764K [0x0000000080000000, 0x00000000ab280000, 0x00000000d5580000)
  object space 707072K, 34% used [0x0000000080000000,0x000000008f001388,0x00000000ab280000)
 Metaspace       used 81271K, committed 83072K, reserved 1179648K
  class space    used 8351K, committed 9152K, reserved 1048576K
}
Event: 383.010 GC heap after
{Heap after GC invocations=756 (full 4):
 PSYoungGen      total 8704K, used 709K [0x00000000d5580000, 0x00000000d5f80000, 0x0000000100000000)
  eden space 7680K, 0% used [0x00000000d5580000,0x00000000d5580000,0x00000000d5d00000)
  from space 1024K, 69% used [0x00000000d5e80000,0x00000000d5f31420,0x00000000d5f80000)
  to   space 1024K, 0% used [0x00000000d5d00000,0x00000000d5d00000,0x00000000d5e00000)
 ParOldGen       total 707072K, used 245996K [0x0000000080000000, 0x00000000ab280000, 0x00000000d5580000)
  object space 707072K, 34% used [0x0000000080000000,0x000000008f03b388,0x00000000ab280000)
 Metaspace       used 81271K, committed 83072K, reserved 1179648K
  class space    used 8351K, committed 9152K, reserved 1048576K
}
Event: 383.368 GC heap before
{Heap before GC invocations=757 (full 4):
 PSYoungGen      total 8704K, used 8389K [0x00000000d5580000, 0x00000000d5f80000, 0x0000000100000000)
  eden space 7680K, 100% used [0x00000000d5580000,0x00000000d5d00000,0x00000000d5d00000)
  from space 1024K, 69% used [0x00000000d5e80000,0x00000000d5f31420,0x00000000d5f80000)
  to   space 1024K, 0% used [0x00000000d5d00000,0x00000000d5d00000,0x00000000d5e00000)
 ParOldGen       total 707072K, used 245996K [0x0000000080000000, 0x00000000ab280000, 0x00000000d5580000)
  object space 707072K, 34% used [0x0000000080000000,0x000000008f03b388,0x00000000ab280000)
 Metaspace       used 81338K, committed 83072K, reserved 1179648K
  class space    used 8351K, committed 9152K, reserved 1048576K
}
Event: 383.370 GC heap after
{Heap after GC invocations=757 (full 4):
 PSYoungGen      total 8704K, used 384K [0x00000000d5580000, 0x00000000d5f00000, 0x0000000100000000)
  eden space 7680K, 0% used [0x00000000d5580000,0x00000000d5580000,0x00000000d5d00000)
  from space 1024K, 37% used [0x00000000d5d00000,0x00000000d5d60000,0x00000000d5e00000)
  to   space 1024K, 0% used [0x00000000d5e00000,0x00000000d5e00000,0x00000000d5f00000)
 ParOldGen       total 707072K, used 246417K [0x0000000080000000, 0x00000000ab280000, 0x00000000d5580000)
  object space 707072K, 34% used [0x0000000080000000,0x000000008f0a47d0,0x00000000ab280000)
 Metaspace       used 81338K, committed 83072K, reserved 1179648K
  class space    used 8351K, committed 9152K, reserved 1048576K
}

